<?xml version="1.0" encoding="UTF-8"?>
<!-- Generated by org.testng.reporters.JUnitXMLReporter -->
<testsuite ignored="0" hostname="QA-RYADAV01" failures="0" tests="5" name="Surefire test" time="0.265" errors="0" timestamp="2022-04-11T11:30:25 GMT+05:30">
  <testcase classname="Group1.AppTest" name="shouldAnswerWithTrue on shouldAnswerWithTrue(Group1.AppTest)" time="0.026"/>
  <testcase classname="Group1.ClassOneTest" name="m1 on m1(Group1.ClassOneTest)" time="0.019"/>
  <testcase classname="Group1.ClassOneTest" name="m2 on m2(Group1.ClassOneTest)" time="0.025"/>
  <testcase classname="Group1.ClassTwoTest" name="m3 on m3(Group1.ClassTwoTest)" time="0.018"/>
  <testcase classname="Group1.ClassTwoTest" name="m4 on m4(Group1.ClassTwoTest)" time="0.024"/>
</testsuite> <!-- Surefire test -->
