<?xml version="1.0" encoding="UTF-8"?>
<testng-results ignored="0" total="5" passed="5" failed="0" skipped="0">
  <reporter-output>
  </reporter-output>
  <suite started-at="2022-04-11T11:30:24 GMT+05:30" name="Surefire suite" finished-at="2022-04-11T11:30:24 GMT+05:30" duration-ms="265">
    <groups>
    </groups>
    <test started-at="2022-04-11T11:30:24 GMT+05:30" name="Surefire test" finished-at="2022-04-11T11:30:24 GMT+05:30" duration-ms="265">
      <class name="Group1.AppTest">
        <test-method signature="shouldAnswerWithTrue()" started-at="2022-04-11T11:30:24 GMT+05:30" name="shouldAnswerWithTrue" finished-at="2022-04-11T11:30:24 GMT+05:30" duration-ms="26" status="PASS">
          <reporter-output>
          </reporter-output>
        </test-method> <!-- shouldAnswerWithTrue -->
      </class> <!-- Group1.AppTest -->
      <class name="Group1.ClassTwoTest">
        <test-method signature="m3()" started-at="2022-04-11T11:30:24 GMT+05:30" name="m3" finished-at="2022-04-11T11:30:24 GMT+05:30" duration-ms="18" status="PASS">
          <reporter-output>
          </reporter-output>
        </test-method> <!-- m3 -->
        <test-method signature="m4()" started-at="2022-04-11T11:30:24 GMT+05:30" name="m4" finished-at="2022-04-11T11:30:24 GMT+05:30" duration-ms="24" status="PASS">
          <reporter-output>
          </reporter-output>
        </test-method> <!-- m4 -->
      </class> <!-- Group1.ClassTwoTest -->
      <class name="Group1.ClassOneTest">
        <test-method signature="m1()" started-at="2022-04-11T11:30:24 GMT+05:30" name="m1" finished-at="2022-04-11T11:30:24 GMT+05:30" duration-ms="19" status="PASS">
          <reporter-output>
          </reporter-output>
        </test-method> <!-- m1 -->
        <test-method signature="m2()" started-at="2022-04-11T11:30:24 GMT+05:30" name="m2" finished-at="2022-04-11T11:30:24 GMT+05:30" duration-ms="25" status="PASS">
          <reporter-output>
          </reporter-output>
        </test-method> <!-- m2 -->
      </class> <!-- Group1.ClassOneTest -->
    </test> <!-- Surefire test -->
  </suite> <!-- Surefire suite -->
</testng-results>
