<?xml version="1.0" encoding="UTF-8"?>
<!-- Generated by org.testng.reporters.JUnitXMLReporter -->
<testsuite ignored="0" hostname="QA-RYADAV01" failures="0" tests="4" name="FirstFramework" time="128.83" errors="0" timestamp="2022-05-05T10:43:34 GMT+05:30">
  <testcase classname="AcademyTest.HomePageTest" name="basepageNavigation" time="56.369"/>
  <testcase classname="AcademyTest.HomePageTest" name="basepageNavigation" time="32.586"/>
  <testcase classname="AcademyTest.NavBarValidationTest" name="basepageNavigation" time="0.269"/>
  <testcase classname="AcademyTest.TitleValidationTest" name="basepageNavigation" time="0.258"/>
</testsuite> <!-- FirstFramework -->
