<?xml version="1.0" encoding="UTF-8"?>
<testng-results ignored="1" total="4" passed="3" failed="0" skipped="0">
  <reporter-output>
  </reporter-output>
  <suite started-at="2022-04-12T10:42:07 GMT+05:30" name="All Test Suite" finished-at="2022-04-12T10:42:07 GMT+05:30" duration-ms="122">
    <groups>
    </groups>
    <test started-at="2022-04-12T10:42:07 GMT+05:30" name="D:/MavenProject/src/test/java/Group1" finished-at="2022-04-12T10:42:07 GMT+05:30" duration-ms="122">
      <class name="Group1.ClassTwoTest">
        <test-method signature="m3()[pri:0, instance:Group1.ClassTwoTest@15761df8]" started-at="2022-04-12T10:42:07 GMT+05:30" name="m3" finished-at="2022-04-12T10:42:07 GMT+05:30" duration-ms="1" status="PASS">
          <reporter-output>
          </reporter-output>
        </test-method> <!-- m3 -->
      </class> <!-- Group1.ClassTwoTest -->
      <class name="Group1.ClassOneTest">
        <test-method signature="m1()[pri:0, instance:Group1.ClassOneTest@6156496]" started-at="2022-04-12T10:42:07 GMT+05:30" name="m1" finished-at="2022-04-12T10:42:07 GMT+05:30" duration-ms="15" status="PASS">
          <reporter-output>
          </reporter-output>
        </test-method> <!-- m1 -->
        <test-method signature="m2()[pri:0, instance:Group1.ClassOneTest@6156496]" started-at="2022-04-12T10:42:07 GMT+05:30" name="m2" finished-at="2022-04-12T10:42:07 GMT+05:30" duration-ms="3" status="PASS">
          <reporter-output>
          </reporter-output>
        </test-method> <!-- m2 -->
      </class> <!-- Group1.ClassOneTest -->
    </test> <!-- D:/MavenProject/src/test/java/Group1 -->
  </suite> <!-- All Test Suite -->
</testng-results>
