<?xml version="1.0" encoding="UTF-8"?>
<!-- Generated by org.testng.reporters.JUnitXMLReporter -->
<testsuite ignored="0" hostname="QA-RYADAV01" failures="0" tests="4" name="Surefire test" time="0.221" errors="0" timestamp="2022-04-11T11:50:44 GMT+05:30">
  <testcase classname="Group1.ClassOneTest" name="m1" time="0.024"/>
  <testcase classname="Group1.ClassOneTest" name="m2" time="0.001"/>
  <testcase classname="Group1.ClassTwoTest" name="m3" time="0.001"/>
  <testcase classname="Group1.ClassTwoTest" name="m4" time="0.001"/>
</testsuite> <!-- Surefire test -->
